Asset EXLD.PLANE06 in file exld.w3d depends on unknown asset exbluete.tga.
Asset G_ARROW.LINE02 in file g_arrow.w3d depends on unknown asset g_arrow.tga.
Asset RUELFWAR_SKN.FIREAROWTIP in file ruelfwar_skn.w3d depends on unknown asset exfiretorchseq.tga.
Asset RUELFWAR_SKN.ARROWNOCK in file ruelfwar_skn.w3d depends on unknown asset g_arrow.tga.
Asset RUELFWAR_SKN.RUELVENWARRIOR2 in file ruelfwar_skn.w3d depends on unknown asset ruelvnworrior.tga.
Asset RUELFWAR_SKN.FORGED_BLADE in file ruelfwar_skn.w3d depends on unknown asset exlnzflar2.tga.
Asset RUELFWAR_SKNL.FIREAROWTIP in file ruelfwar_sknl.w3d depends on unknown asset exfiretorchseq.tga.
Asset RUELFWAR_SKNL.ARROWNOCK in file ruelfwar_sknl.w3d depends on unknown asset g_arrow.tga.
Asset RUELFWAR_SKNL.RUELVENWARRIORL in file ruelfwar_sknl.w3d depends on unknown asset ruelvnworrior_l.tga.
Asset RUELFWAR_SKNL.FORGED_BLADE in file ruelfwar_sknl.w3d depends on unknown asset exlnzflar2.tga.
Asset RUELFWAR_SKNM.FIREAROWTIP in file ruelfwar_sknm.w3d depends on unknown asset exfiretorchseq.tga.
Asset RUELFWAR_SKNM.ARROWNOCK in file ruelfwar_sknm.w3d depends on unknown asset g_arrow.tga.
Asset RUELFWAR_SKNM.RUELVENWARRIORM in file ruelfwar_sknm.w3d depends on unknown asset ruelvnworrior_l.tga.
Asset RUELFWAR_SKNM.FORGED_BLADE in file ruelfwar_sknm.w3d depends on unknown asset exlnzflar2.tga.
Asset RUELROND2_SKN.QUIVER in file ruelrond2_skn.w3d depends on unknown asset ruelrond2_h.tga.
Asset RUELROND2_SKN.ARROWNOCK in file ruelrond2_skn.w3d depends on unknown asset g_arrow.tga.
Asset RUELROND2_SKN.FORGED_BLADE in file ruelrond2_skn.w3d depends on unknown asset exlnzflar2.tga.
Asset RUELROND2_SKN.ARROW in file ruelrond2_skn.w3d depends on unknown asset g_arrow.tga.
Asset RUELROND2_SKN.RUELROND2 in file ruelrond2_skn.w3d depends on unknown asset ruelrond2_h.tga.
Asset RUELROND2_SKNL.QUIVER in file ruelrond2_sknl.w3d depends on unknown asset ruelrond2_h.tga.
Asset RUELROND2_SKNL.RUELROND2_L in file ruelrond2_sknl.w3d depends on unknown asset ruelrond2_h.tga.
Asset RUELROND2_SKNL.ARROWNOCK in file ruelrond2_sknl.w3d depends on unknown asset g_arrow.tga.
Asset RUELROND2_SKNL.FORGED_BLADE in file ruelrond2_sknl.w3d depends on unknown asset exlnzflar2.tga.
Asset RUELROND2_SKNL.ARROW in file ruelrond2_sknl.w3d depends on unknown asset g_arrow.tga.
Asset RUELROND2_SKNM.QUIVER in file ruelrond2_sknm.w3d depends on unknown asset ruelrond2_h.tga.
Asset RUELROND2_SKNM.ELROND2_M in file ruelrond2_sknm.w3d depends on unknown asset ruelrond2_m.tga.
Asset RUELROND2_SKNM.ARROWNOCK in file ruelrond2_sknm.w3d depends on unknown asset g_arrow.tga.
Asset RUELROND2_SKNM.FORGED_BLADE in file ruelrond2_sknm.w3d depends on unknown asset exlnzflar2.tga.
Asset RUELROND2_SKNM.ARROW in file ruelrond2_sknm.w3d depends on unknown asset g_arrow.tga.
